[2017-05-19 04:05:12] [E_NOTICE: Undefined variable: i] [IN FILE C:\xampp\htdocs\framework\view\index\indexView.php] [LINE 21]
[2017-05-19 07:05:24] [E_NOTICE: Undefined variable: i] [IN FILE C:\xampp\htdocs\framework\view\index\indexView.php] [LINE 21]
[2017-05-19 07:05:28] [E_NOTICE: Undefined variable: i] [IN FILE C:\xampp\htdocs\framework\view\index\indexView.php] [LINE 21]
[2017-05-19 07:05:39] [E_NOTICE: Undefined variable: i] [IN FILE C:\xampp\htdocs\framework\view\index\indexView.php] [LINE 21]
[2017-05-19 07:05:52] [E_NOTICE: Undefined variable: i] [IN FILE C:\xampp\htdocs\framework\view\index\indexView.php] [LINE 21]
[2017-05-19 07:05:59] [E_NOTICE: Undefined index: r] [IN FILE C:\xampp\htdocs\framework\core\helperView.php] [LINE 16]
[2017-05-19 07:05:59] [E_NOTICE: Undefined variable: i] [IN FILE C:\xampp\htdocs\framework\view\index\indexView.php] [LINE 21]
[2017-05-19 07:05:12] [E_NOTICE: Undefined variable: i] [IN FILE C:\xampp\htdocs\framework\view\index\indexView.php] [LINE 21]
[2017-05-19 07:05:07] [E_NOTICE: Undefined index: r] [IN FILE C:\xampp\htdocs\framework\core\helperView.php] [LINE 16]
[2017-05-19 07:05:22] [E_NOTICE: Undefined index: r] [IN FILE C:\xampp\htdocs\framework\core\helperView.php] [LINE 16]
[2017-05-19 07:05:22] [E_NOTICE: Undefined variable: i] [IN FILE C:\xampp\htdocs\framework\view\index\indexView.php] [LINE 21]
[2017-05-19 07:05:07] [E_NOTICE: Undefined index: r] [IN FILE C:\xampp\htdocs\framework\core\helperView.php] [LINE 16]
[2017-05-19 07:05:07] [E_NOTICE: Undefined variable: i] [IN FILE C:\xampp\htdocs\framework\view\index\indexView.php] [LINE 21]
[2017-05-19 07:05:12] [E_NOTICE: Undefined index: r] [IN FILE C:\xampp\htdocs\framework\core\helperView.php] [LINE 16]
[2017-05-19 07:05:13] [E_NOTICE: Undefined variable: i] [IN FILE C:\xampp\htdocs\framework\view\index\indexView.php] [LINE 21]
[2017-05-19 07:05:28] [E_NOTICE: Undefined index: r] [IN FILE C:\xampp\htdocs\framework\core\helperView.php] [LINE 16]
[2017-05-19 07:05:28] [E_NOTICE: Undefined variable: i] [IN FILE C:\xampp\htdocs\framework\view\index\indexView.php] [LINE 21]
[2017-05-19 07:05:34] [E_NOTICE: Undefined index: r] [IN FILE C:\xampp\htdocs\framework\core\helperView.php] [LINE 16]
[2017-05-19 07:05:35] [E_NOTICE: Undefined variable: uuu] [IN FILE C:\xampp\htdocs\framework\view\layout\loginLayout.php] [LINE 27]
[2017-05-19 07:05:39] [E_NOTICE: Undefined index: r] [IN FILE C:\xampp\htdocs\framework\core\helperView.php] [LINE 16]
[2017-05-19 07:05:39] [E_NOTICE: Undefined variable: uuu] [IN FILE C:\xampp\htdocs\framework\view\layout\loginLayout.php] [LINE 27]
[2017-05-19 07:05:40] [E_NOTICE: Undefined index: r] [IN FILE C:\xampp\htdocs\framework\core\helperView.php] [LINE 16]
[2017-05-19 07:05:46] [E_NOTICE: Undefined index: r] [IN FILE C:\xampp\htdocs\framework\core\helperView.php] [LINE 16]
[2017-05-19 07:05:46] [E_NOTICE: Undefined variable: uuu] [IN FILE C:\xampp\htdocs\framework\view\layout\loginLayout.php] [LINE 27]
[2017-05-19 07:05:04] [E_NOTICE: Undefined index: r] [IN FILE C:\xampp\htdocs\framework\core\helperView.php] [LINE 16]
[2017-05-19 07:05:04] [E_WARNING: include_once(view/layout/loginLayout.php.php): failed to open stream: No such file or directory] [IN FILE C:\xampp\htdocs\framework\core\helperView.php] [LINE 22]
[2017-05-19 07:05:06] [E_NOTICE: Undefined index: r] [IN FILE C:\xampp\htdocs\framework\core\helperView.php] [LINE 16]
[2017-05-19 07:05:06] [E_WARNING: include_once(view/layout/loginLayout.php.php): failed to open stream: No such file or directory] [IN FILE C:\xampp\htdocs\framework\core\helperView.php] [LINE 22]
[2017-05-19 07:05:07] [E_NOTICE: Undefined index: r] [IN FILE C:\xampp\htdocs\framework\core\helperView.php] [LINE 16]
[2017-05-19 07:05:13] [E_NOTICE: Undefined index: r] [IN FILE C:\xampp\htdocs\framework\core\helperView.php] [LINE 16]
[2017-05-19 07:05:13] [E_NOTICE: Undefined variable: uuu] [IN FILE C:\xampp\htdocs\framework\view\layout\loginLayout.php] [LINE 27]
[2017-05-19 07:05:14] [E_NOTICE: Undefined index: r] [IN FILE C:\xampp\htdocs\framework\core\helperView.php] [LINE 16]
[2017-05-19 07:05:14] [E_NOTICE: Undefined variable: uuu] [IN FILE C:\xampp\htdocs\framework\view\layout\loginLayout.php] [LINE 27]
[2017-05-19 07:05:23] [E_NOTICE: Undefined index: r] [IN FILE C:\xampp\htdocs\framework\core\helperView.php] [LINE 16]
[2017-05-19 07:05:23] [E_NOTICE: Undefined variable: uuu] [IN FILE C:\xampp\htdocs\framework\view\layout\loginLayout.php] [LINE 27]
[2017-05-19 07:05:24] [E_NOTICE: Undefined index: r] [IN FILE C:\xampp\htdocs\framework\core\helperView.php] [LINE 16]
[2017-05-19 07:05:24] [E_NOTICE: Undefined variable: uuu] [IN FILE C:\xampp\htdocs\framework\view\layout\loginLayout.php] [LINE 27]
[2017-05-19 07:05:25] [E_NOTICE: Undefined variable: uuu] [IN FILE C:\xampp\htdocs\framework\view\layout\loginLayout.php] [LINE 27]
[2017-05-19 07:05:25] [E_NOTICE: Undefined index: r] [IN FILE C:\xampp\htdocs\framework\core\helperView.php] [LINE 16]
[2017-05-19 07:05:26] [E_NOTICE: Undefined index: r] [IN FILE C:\xampp\htdocs\framework\core\helperView.php] [LINE 16]
[2017-05-19 07:05:26] [E_NOTICE: Undefined variable: uuu] [IN FILE C:\xampp\htdocs\framework\view\layout\loginLayout.php] [LINE 27]
[2017-05-19 07:05:31] [E_NOTICE: Undefined index: r] [IN FILE C:\xampp\htdocs\framework\core\helperView.php] [LINE 16]
[2017-05-19 07:05:31] [E_NOTICE: Undefined variable: uuu] [IN FILE C:\xampp\htdocs\framework\view\layout\loginLayout.php] [LINE 27]
[2017-05-19 07:05:54] [E_NOTICE: Undefined index: r] [IN FILE C:\xampp\htdocs\framework\core\helperView.php] [LINE 16]
[2017-05-19 07:05:54] [E_NOTICE: Undefined variable: uuu] [IN FILE C:\xampp\htdocs\framework\view\layout\loginLayout.php] [LINE 27]
[2017-05-19 07:05:57] [E_NOTICE: Undefined variable: uuu] [IN FILE C:\xampp\htdocs\framework\view\layout\loginLayout.php] [LINE 27]
[2017-05-19 07:05:07] [E_NOTICE: Undefined variable: uuu] [IN FILE C:\xampp\htdocs\framework\view\layout\loginLayout.php] [LINE 27]
[2017-05-19 07:05:07] [E_NOTICE: Undefined variable: uuu] [IN FILE C:\xampp\htdocs\framework\view\layout\loginLayout.php] [LINE 27]
[2017-05-19 07:05:11] [E_NOTICE: Undefined variable: uuu] [IN FILE C:\xampp\htdocs\framework\view\layout\loginLayout.php] [LINE 27]
[2017-05-19 07:05:11] [E_NOTICE: Undefined variable: uuu] [IN FILE C:\xampp\htdocs\framework\view\layout\loginLayout.php] [LINE 27]
[2017-05-19 07:05:11] [E_NOTICE: Undefined variable: uuu] [IN FILE C:\xampp\htdocs\framework\view\layout\loginLayout.php] [LINE 27]
[2017-05-19 07:05:37] [E_NOTICE: Undefined variable: uuu] [IN FILE C:\xampp\htdocs\framework\view\layout\loginLayout.php] [LINE 27]
[2017-05-19 07:05:37] [E_NOTICE: Undefined variable: uuu] [IN FILE C:\xampp\htdocs\framework\view\layout\loginLayout.php] [LINE 27]
[2017-05-19 07:05:37] [E_NOTICE: Undefined variable: uuu] [IN FILE C:\xampp\htdocs\framework\view\layout\loginLayout.php] [LINE 27]
[2017-05-19 08:05:43] [E_NOTICE: Undefined variable: uuu] [IN FILE C:\xampp\htdocs\framework\view\layout\loginLayout.php] [LINE 27]
[2017-05-19 08:05:43] [E_NOTICE: Undefined variable: uuu] [IN FILE C:\xampp\htdocs\framework\view\layout\loginLayout.php] [LINE 27]
[2017-05-19 08:05:44] [E_NOTICE: Undefined variable: uuu] [IN FILE C:\xampp\htdocs\framework\view\layout\loginLayout.php] [LINE 27]
[2017-05-20 07:05:18] [E_NOTICE: Undefined variable: uuu] [IN FILE C:\xampp\htdocs\framework\view\layout\loginLayout.php] [LINE 27]
[2017-05-20 08:05:14] [E_NOTICE: Undefined variable: uuu] [IN FILE C:\xampp\htdocs\framework\view\layout\loginLayout.php] [LINE 27]
[2017-05-20 08:05:14] [E_NOTICE: Undefined variable: uuu] [IN FILE C:\xampp\htdocs\framework\view\layout\loginLayout.php] [LINE 27]
[2017-05-20 08:05:15] [E_NOTICE: Undefined variable: uuu] [IN FILE C:\xampp\htdocs\framework\view\layout\loginLayout.php] [LINE 27]
[2017-05-20 09:05:15] [E_NOTICE: Undefined variable: uuu] [IN FILE C:\xampp\htdocs\framework\view\layout\loginLayout.php] [LINE 27]
[2017-05-23 08:05:20] [E_WARNING: include_once(view/layout/loginLayggout.php): failed to open stream: No such file or directory] [IN FILE C:\xampp\htdocs\framework\core\helperView.php] [LINE 30]
[2017-05-23 08:05:48] [E_WARNING: include_once(view/layout/loginLayssout.php): failed to open stream: No such file or directory] [IN FILE C:\xampp\htdocs\framework\core\helperView.php] [LINE 30]
[2017-05-23 08:05:57] [E_NOTICE: Undefined variable: indexController] [IN FILE C:\xampp\htdocs\framework\core\frontalController.php] [LINE 41]
[2017-05-23 09:05:04] [E_NOTICE: Use of undefined constant DF_LAY - assumed 'DF_LAY'] [IN FILE C:\xampp\htdocs\framework\core\frontalController.php] [LINE 30]
[2017-05-23 09:05:43] [E_NOTICE: Undefined variable: id] [IN FILE C:\xampp\htdocs\framework\controller\loginController.php] [LINE 16]
[2017-05-23 09:05:25] [E_WARNING: Missing argument 1 for helperView::showLayout(), called in C:\xampp\htdocs\framework\controller\loginController.php on line 16 and defined] [IN FILE C:\xampp\htdocs\framework\core\helperView.php] [LINE 9]
[2017-05-23 09:05:08] [E_NOTICE: Undefined variable: view] [IN FILE C:\xampp\htdocs\framework\core\helperView.php] [LINE 30]
[2017-05-23 09:05:49] [E_WARNING: include_once(view/view/layout/loginLayout.php.php): failed to open stream: No such file or directory] [IN FILE C:\xampp\htdocs\framework\core\helperView.php] [LINE 31]
[2017-05-23 10:05:27] [E_NOTICE: Undefined variable: view] [IN FILE C:\xampp\htdocs\framework\core\helperView.php] [LINE 39]
[2017-05-23 10:05:16] [E_WARNING: include_once(view/view/layout/loginLayout.php): failed to open stream: No such file or directory] [IN FILE C:\xampp\htdocs\framework\core\helperView.php] [LINE 44]
[2017-05-23 10:05:49] [E_WARNING: include_once(view/view/layout/loginLayout.php): failed to open stream: No such file or directory] [IN FILE C:\xampp\htdocs\framework\core\helperView.php] [LINE 44]
[2017-05-24 08:05:40] [E_NOTICE: Undefined variable: token] [IN FILE C:\xampp\htdocs\framework\core\resources\securePHP.php] [LINE 17]
[2017-05-24 08:05:26] [E_NOTICE: Undefined variable: token] [IN FILE C:\xampp\htdocs\framework\core\resources\securePHP.php] [LINE 17]
[2017-05-24 08:05:42] [E_NOTICE: Undefined variable: token] [IN FILE C:\xampp\htdocs\framework\view\layout\loginLayout.php] [LINE 54]
[2017-05-24 08:05:24] [E_NOTICE: Array to string conversion] [IN FILE C:\xampp\htdocs\framework\view\layout\loginLayout.php] [LINE 54]
[2017-05-24 08:05:06] [E_NOTICE: Undefined variable: token] [IN FILE C:\xampp\htdocs\framework\core\resources\securePHP.php] [LINE 17]
[2017-05-25 04:05:44] [E_NOTICE: Undefined variable: id] [IN FILE C:\xampp\htdocs\framework\controller\loginController.php] [LINE 20]
[2017-05-25 04:05:01] [E_NOTICE: Undefined variable: id] [IN FILE C:\xampp\htdocs\framework\controller\loginController.php] [LINE 20]
[2017-05-25 04:05:02] [E_NOTICE: Undefined variable: id] [IN FILE C:\xampp\htdocs\framework\controller\loginController.php] [LINE 20]
[2017-05-25 04:05:09] [E_NOTICE: Undefined variable: _SESSION] [IN FILE C:\xampp\htdocs\framework\controller\loginController.php] [LINE 16]
[2017-05-25 04:05:42] [E_NOTICE: Undefined variable: _SESSION] [IN FILE C:\xampp\htdocs\framework\controller\loginController.php] [LINE 16]
[2017-05-25 04:05:33] [E_NOTICE: A session had already been started - ignoring session_start()] [IN FILE C:\xampp\htdocs\framework\view\layout\loginLayout.php] [LINE 2]
[2017-05-25 04:05:47] [E_NOTICE: A session had already been started - ignoring session_start()] [IN FILE C:\xampp\htdocs\framework\view\layout\loginLayout.php] [LINE 2]
[2017-05-25 04:05:45] [E_NOTICE: A session had already been started - ignoring session_start()] [IN FILE C:\xampp\htdocs\framework\view\layout\loginLayout.php] [LINE 2]
[2017-05-25 04:05:12] [E_NOTICE: Undefined variable: _SESSION] [IN FILE C:\xampp\htdocs\framework\controller\loginController.php] [LINE 20]
[2017-05-25 04:05:04] [E_NOTICE: A session had already been started - ignoring session_start()] [IN FILE C:\xampp\htdocs\framework\view\layout\loginLayout.php] [LINE 2]
[2017-05-25 04:05:50] [E_NOTICE: A session had already been started - ignoring session_start()] [IN FILE C:\xampp\htdocs\framework\view\layout\loginLayout.php] [LINE 2]
[2017-05-25 04:05:47] [E_NOTICE: Undefined variable: _SESSION] [IN FILE C:\xampp\htdocs\framework\controller\loginController.php] [LINE 20]
[2017-05-25 05:05:52] [E_NOTICE: Undefined variable: token] [IN FILE C:\xampp\htdocs\framework\view\layout\loginLayout.php] [LINE 69]
[2017-05-25 05:05:57] [E_NOTICE: Undefined variable: _SESSION] [IN FILE C:\xampp\htdocs\framework\controller\loginController.php] [LINE 25]
[2017-05-25 05:05:11] [E_NOTICE: Undefined variable: token] [IN FILE C:\xampp\htdocs\framework\controller\loginController.php] [LINE 29]
[2017-05-25 05:05:38] [E_NOTICE: Undefined variable: token] [IN FILE C:\xampp\htdocs\framework\view\layout\loginLayout.php] [LINE 69]
[2017-05-25 05:05:51] [E_NOTICE: Undefined variable: token] [IN FILE C:\xampp\htdocs\framework\view\layout\loginLayout.php] [LINE 69]
[2017-05-25 05:05:24] [E_NOTICE: Undefined variable: _SESSION] [IN FILE C:\xampp\htdocs\framework\controller\loginController.php] [LINE 25]
[2017-05-25 05:05:51] [E_NOTICE: Undefined variable: msg] [IN FILE C:\xampp\htdocs\framework\controller\loginController.php] [LINE 21]
[2017-05-25 05:05:18] [E_NOTICE: Undefined variable: msg] [IN FILE C:\xampp\htdocs\framework\view\layout\loginLayout.php] [LINE 68]
[2017-05-25 05:05:33] [E_NOTICE: Undefined variable: msg] [IN FILE C:\xampp\htdocs\framework\controller\loginController.php] [LINE 21]
[2017-05-25 05:05:08] [E_NOTICE: Undefined variable: msg] [IN FILE C:\xampp\htdocs\framework\controller\loginController.php] [LINE 21]
[2017-05-25 05:05:53] [E_NOTICE: A session had already been started - ignoring session_start()] [IN FILE C:\xampp\htdocs\framework\view\layout\loginLayout.php] [LINE 2]
[2017-05-25 05:05:36] [E_NOTICE: Undefined variable: token] [IN FILE C:\xampp\htdocs\framework\view\layout\loginLayout.php] [LINE 72]
[2017-05-25 05:05:48] [E_NOTICE: Undefined variable: token] [IN FILE C:\xampp\htdocs\framework\view\layout\loginLayout.php] [LINE 72]
[2017-05-25 05:05:21] [E_NOTICE: Undefined variable: token] [IN FILE C:\xampp\htdocs\framework\view\layout\loginLayout.php] [LINE 72]
[2017-05-25 05:05:22] [E_NOTICE: Undefined variable: token] [IN FILE C:\xampp\htdocs\framework\view\layout\loginLayout.php] [LINE 72]
[2017-05-25 05:05:30] [E_NOTICE: Undefined variable: token] [IN FILE C:\xampp\htdocs\framework\view\layout\loginLayout.php] [LINE 72]
[2017-05-25 05:05:38] [E_NOTICE: Undefined variable: token] [IN FILE C:\xampp\htdocs\framework\view\layout\loginLayout.php] [LINE 72]
[2017-05-25 05:05:11] [E_NOTICE: Undefined variable: token] [IN FILE C:\xampp\htdocs\framework\view\layout\loginLayout.php] [LINE 72]
[2017-05-25 05:05:18] [E_NOTICE: Undefined variable: token] [IN FILE C:\xampp\htdocs\framework\view\layout\loginLayout.php] [LINE 72]
[2017-05-25 05:05:24] [E_NOTICE: Undefined variable: token] [IN FILE C:\xampp\htdocs\framework\view\layout\loginLayout.php] [LINE 69]
[2017-05-25 05:05:25] [E_NOTICE: Undefined variable: token] [IN FILE C:\xampp\htdocs\framework\view\layout\loginLayout.php] [LINE 69]
[2017-05-25 05:05:26] [E_NOTICE: Undefined variable: token] [IN FILE C:\xampp\htdocs\framework\view\layout\loginLayout.php] [LINE 69]
[2017-05-25 05:05:29] [E_NOTICE: Undefined variable: token] [IN FILE C:\xampp\htdocs\framework\view\layout\loginLayout.php] [LINE 69]
[2017-05-25 05:05:34] [E_NOTICE: Undefined variable: token] [IN FILE C:\xampp\htdocs\framework\view\layout\loginLayout.php] [LINE 69]
[2017-05-25 05:05:41] [E_NOTICE: Undefined variable: token] [IN FILE C:\xampp\htdocs\framework\view\layout\loginLayout.php] [LINE 68]
[2017-05-25 05:05:03] [E_NOTICE: Undefined variable: token] [IN FILE C:\xampp\htdocs\framework\view\layout\loginLayout.php] [LINE 68]
[2017-05-25 06:05:45] [E_NOTICE: Undefined variable: msg] [IN FILE C:\xampp\htdocs\framework\view\layout\loginLayout.php] [LINE 67]
[2017-05-25 06:05:12] [E_NOTICE: Undefined variable: token] [IN FILE C:\xampp\htdocs\framework\view\layout\loginLayout.php] [LINE 71]
[2017-05-25 06:05:17] [E_NOTICE: Undefined variable: token] [IN FILE C:\xampp\htdocs\framework\view\layout\loginLayout.php] [LINE 71]
[2017-05-25 06:05:11] [E_NOTICE: Undefined variable: token] [IN FILE C:\xampp\htdocs\framework\view\layout\loginLayout.php] [LINE 77]
[2017-05-25 06:05:30] [E_NOTICE: Undefined variable: token] [IN FILE C:\xampp\htdocs\framework\view\layout\loginLayout.php] [LINE 71]
[2017-05-25 09:05:57] [E_NOTICE: Undefined variable: msg] [IN FILE C:\xampp\htdocs\framework\view\layout\loginLayout.php] [LINE 70]
[2017-05-25 08:05:09] [E_NOTICE: Undefined variable: msgs] [IN FILE C:\xampp\htdocs\framework\controller\loginController.php] [LINE 55]
[2017-05-25 09:05:59] [E_NOTICE: Undefined index: name] [IN FILE C:\xampp\htdocs\framework\controller\loginController.php] [LINE 61]
[2017-05-25 09:05:56] [E_NOTICE: Undefined index: name] [IN FILE C:\xampp\htdocs\framework\controller\loginController.php] [LINE 61]
[2017-05-25 09:05:58] [E_NOTICE: Undefined index: name] [IN FILE C:\xampp\htdocs\framework\controller\loginController.php] [LINE 61]
[2017-05-25 09:05:13] [E_NOTICE: Undefined index: name] [IN FILE C:\xampp\htdocs\framework\controller\loginController.php] [LINE 61]
[2017-05-25 09:05:17] [E_NOTICE: Undefined index: name] [IN FILE C:\xampp\htdocs\framework\controller\loginController.php] [LINE 61]
[2017-05-25 09:05:19] [E_NOTICE: Undefined index: name] [IN FILE C:\xampp\htdocs\framework\controller\loginController.php] [LINE 61]
[2017-05-25 09:05:20] [E_NOTICE: Undefined index: name] [IN FILE C:\xampp\htdocs\framework\controller\loginController.php] [LINE 61]
[2017-05-25 09:05:21] [E_NOTICE: Undefined index: name] [IN FILE C:\xampp\htdocs\framework\controller\loginController.php] [LINE 61]
[2017-05-25 09:05:22] [E_NOTICE: Undefined index: name] [IN FILE C:\xampp\htdocs\framework\controller\loginController.php] [LINE 61]
[2017-05-25 10:05:09] [E_NOTICE: Undefined variable: token] [IN FILE C:\xampp\htdocs\framework\view\layout\loginLayout.php] [LINE 61]
[2017-05-26 08:05:41] [E_NOTICE: Undefined offset: 1] [IN FILE C:\xampp\htdocs\framework\core\resources\PDOadm.php] [LINE 50]
[2017-05-26 08:05:31] [E_NOTICE: Undefined offset: 1] [IN FILE C:\xampp\htdocs\framework\core\resources\PDOadm.php] [LINE 50]
[2017-05-26 08:05:36] [E_NOTICE: Undefined offset: 1] [IN FILE C:\xampp\htdocs\framework\core\resources\PDOadm.php] [LINE 50]
[2017-05-26 08:05:11] [E_NOTICE: Undefined offset: 1] [IN FILE C:\xampp\htdocs\framework\core\resources\PDOadm.php] [LINE 104]
[2017-05-26 08:05:11] [E_NOTICE: Undefined offset: 1] [IN FILE C:\xampp\htdocs\framework\core\resources\PDOadm.php] [LINE 51]
[2017-05-26 08:05:32] [E_NOTICE: Undefined offset: 1] [IN FILE C:\xampp\htdocs\framework\core\resources\PDOadm.php] [LINE 50]
[2017-05-26 08:05:53] [E_NOTICE: Undefined offset: 1] [IN FILE C:\xampp\htdocs\framework\core\resources\PDOadm.php] [LINE 50]
[2017-05-26 08:05:20] [E_NOTICE: Undefined offset: 1] [IN FILE C:\xampp\htdocs\framework\core\resources\PDOadm.php] [LINE 50]
[2017-05-26 08:05:01] [E_NOTICE: Undefined offset: 1] [IN FILE C:\xampp\htdocs\framework\core\resources\PDOadm.php] [LINE 50]
[2017-05-26 08:05:03] [E_NOTICE: Undefined offset: 1] [IN FILE C:\xampp\htdocs\framework\core\resources\PDOadm.php] [LINE 50]
[2017-05-26 08:05:05] [E_NOTICE: Undefined offset: 1] [IN FILE C:\xampp\htdocs\framework\core\resources\PDOadm.php] [LINE 50]
[2017-05-26 08:05:07] [E_NOTICE: Undefined offset: 1] [IN FILE C:\xampp\htdocs\framework\core\resources\PDOadm.php] [LINE 50]
[2017-05-26 08:05:55] [E_NOTICE: Undefined variable: pass] [IN FILE C:\xampp\htdocs\framework\model\usuarioModel.php] [LINE 30]
[2017-05-26 08:05:20] [E_NOTICE: Undefined offset: 1] [IN FILE C:\xampp\htdocs\framework\core\resources\PDOadm.php] [LINE 50]
[2017-05-26 08:05:41] [E_NOTICE: Undefined offset: 1] [IN FILE C:\xampp\htdocs\framework\core\resources\PDOadm.php] [LINE 52]
[2017-05-26 08:05:44] [E_NOTICE: Undefined offset: 1] [IN FILE C:\xampp\htdocs\framework\core\resources\PDOadm.php] [LINE 52]
[2017-05-26 08:05:49] [E_NOTICE: Undefined offset: 1] [IN FILE C:\xampp\htdocs\framework\core\resources\PDOadm.php] [LINE 52]
[2017-05-26 08:05:38] [E_NOTICE: Undefined offset: 1] [IN FILE C:\xampp\htdocs\framework\core\resources\PDOadm.php] [LINE 50]
[2017-05-27 05:05:30] [E_RECOVERABLE_ERROR: Object of class PDOStatement could not be converted to string] [IN FILE C:\xampp\htdocs\framework\view\layout\loginLayout.php] [LINE 78]
[2017-05-27 05:05:32] [E_RECOVERABLE_ERROR: Object of class PDOStatement could not be converted to string] [IN FILE C:\xampp\htdocs\framework\view\layout\loginLayout.php] [LINE 78]
[2017-05-27 05:05:35] [E_RECOVERABLE_ERROR: Object of class PDOStatement could not be converted to string] [IN FILE C:\xampp\htdocs\framework\view\layout\loginLayout.php] [LINE 78]
[2017-05-27 05:05:36] [E_RECOVERABLE_ERROR: Object of class PDOStatement could not be converted to string] [IN FILE C:\xampp\htdocs\framework\view\layout\loginLayout.php] [LINE 78]
[2017-05-27 05:05:38] [E_RECOVERABLE_ERROR: Object of class PDOStatement could not be converted to string] [IN FILE C:\xampp\htdocs\framework\view\layout\loginLayout.php] [LINE 78]
[2017-05-27 05:05:41] [E_RECOVERABLE_ERROR: Object of class PDOStatement could not be converted to string] [IN FILE C:\xampp\htdocs\framework\view\layout\loginLayout.php] [LINE 78]
[2017-05-28 02:05:45] [E_NOTICE: Undefined index: usuario] [IN FILE C:\xampp\htdocs\framework\controller\loginController.php] [LINE 62]
[2017-05-28 02:05:44] [E_NOTICE: Array to string conversion] [IN FILE C:\xampp\htdocs\framework\view\layout\loginLayout.php] [LINE 78]
[2017-05-28 03:05:54] [E_NOTICE: Use of undefined constant DEBUG_PDOadm - assumed 'DEBUG_PDOadm'] [IN FILE C:\xampp\htdocs\framework\model\usuarioModel.php] [LINE 22]
[2017-05-28 04:05:28] [E_NOTICE: Use of undefined constant DEBUG_PDOadm - assumed 'DEBUG_PDOadm'] [IN FILE C:\xampp\htdocs\framework\model\usuarioModel.php] [LINE 22]
[2017-05-28 04:05:13] [E_NOTICE: Use of undefined constant DEBUG_PDOadm - assumed 'DEBUG_PDOadm'] [IN FILE C:\xampp\htdocs\framework\model\usuarioModel.php] [LINE 22]
[2017-05-29 07:05:42] [E_NOTICE: Use of undefined constant DEBUadm - assumed 'DEBUadm'] [IN FILE C:\xampp\htdocs\framework\model\usuarioModel.php] [LINE 22]
[2017-05-29 07:05:42] [E_NOTICE: Use of undefined constant DEBUadm - assumed 'DEBUadm'] [IN FILE C:\xampp\htdocs\framework\model\usuarioModel.php] [LINE 22]
[2017-05-29 07:05:06] [E_NOTICE: Array to string conversion] [IN FILE C:\xampp\htdocs\framework\view\layout\loginLayout.php] [LINE 78]
[2017-05-29 07:05:06] [E_NOTICE: Array to string conversion] [IN FILE C:\xampp\htdocs\framework\view\layout\loginLayout.php] [LINE 78]
[2017-05-29 07:05:08] [E_NOTICE: Array to string conversion] [IN FILE C:\xampp\htdocs\framework\view\layout\loginLayout.php] [LINE 78]
[2017-05-29 07:05:52] [E_WARNING: Illegal string offset 'nombre'] [IN FILE C:\xampp\htdocs\framework\core\resources\PDOadm.php] [LINE 73]
[2017-05-29 07:05:52] [E_WARNING: Illegal string offset 'nombre'] [IN FILE C:\xampp\htdocs\framework\core\resources\PDOadm.php] [LINE 73]
[2017-05-29 08:05:29] [E_NOTICE: Undefined property: Usuario::$pass] [IN FILE C:\xampp\htdocs\framework\model\usuarioModel.php] [LINE 29]
[2017-05-29 08:05:29] [E_NOTICE: Undefined property: Usuario::$pass] [IN FILE C:\xampp\htdocs\framework\model\usuarioModel.php] [LINE 29]
[2017-05-29 08:05:56] [E_NOTICE: Undefined variable: pdoa] [IN FILE C:\xampp\htdocs\framework\model\usuarioModel.php] [LINE 23]
[2017-05-29 08:05:56] [E_NOTICE: Undefined variable: pdoa] [IN FILE C:\xampp\htdocs\framework\model\usuarioModel.php] [LINE 23]
[2017-05-29 08:05:49] [E_NOTICE: Undefined index: usuario] [IN FILE C:\xampp\htdocs\framework\controller\loginController.php] [LINE 62]
[2017-05-29 08:05:13] [E_NOTICE: Undefined index: usuario] [IN FILE C:\xampp\htdocs\framework\controller\loginController.php] [LINE 62]
[2017-05-29 08:05:16] [E_NOTICE: Undefined index: usuario] [IN FILE C:\xampp\htdocs\framework\controller\loginController.php] [LINE 62]
[2017-05-29 08:05:48] [E_NOTICE: Undefined index: usuario] [IN FILE C:\xampp\htdocs\framework\controller\loginController.php] [LINE 63]
[2017-05-29 10:05:33] [E_NOTICE: Undefined index: usuario] [IN FILE C:\xampp\htdocs\framework\controller\loginController.php] [LINE 74]
[2017-05-29 10:05:35] [E_NOTICE: Undefined index: usuario] [IN FILE C:\xampp\htdocs\framework\controller\loginController.php] [LINE 74]
[2017-05-29 10:05:02] [E_NOTICE: Undefined index: usuario] [IN FILE C:\xampp\htdocs\framework\controller\loginController.php] [LINE 74]
[2017-05-29 10:05:54] [E_NOTICE: Undefined index: usuario] [IN FILE C:\xampp\htdocs\framework\controller\loginController.php] [LINE 65]
[2017-05-29 10:05:02] [E_NOTICE: Undefined index: usuario] [IN FILE C:\xampp\htdocs\framework\controller\loginController.php] [LINE 65]
[2017-05-29 10:05:41] [E_NOTICE: Undefined index: usuario] [IN FILE C:\xampp\htdocs\framework\controller\loginController.php] [LINE 65]
[2017-05-29 10:05:37] [E_NOTICE: Undefined index: usuario] [IN FILE C:\xampp\htdocs\framework\controller\loginController.php] [LINE 65]
[2017-05-29 10:05:05] [E_NOTICE: Undefined index: usuario] [IN FILE C:\xampp\htdocs\framework\controller\loginController.php] [LINE 65]
[2017-05-29 10:05:27] [E_NOTICE: Undefined index: usuario] [IN FILE C:\xampp\htdocs\framework\controller\loginController.php] [LINE 65]
[2017-05-29 10:05:42] [E_NOTICE: Undefined index: usuario] [IN FILE C:\xampp\htdocs\framework\controller\loginController.php] [LINE 65]
[2017-05-29 10:05:53] [E_NOTICE: Undefined index: usuario] [IN FILE C:\xampp\htdocs\framework\controller\loginController.php] [LINE 65]
[2017-05-29 10:05:02] [E_NOTICE: Undefined index: usuario] [IN FILE C:\xampp\htdocs\framework\controller\loginController.php] [LINE 65]
[2017-05-29 10:05:02] [E_NOTICE: Undefined index: usuario] [IN FILE C:\xampp\htdocs\framework\controller\loginController.php] [LINE 65]
[2017-05-29 10:05:34] [E_NOTICE: Undefined index: usuario] [IN FILE C:\xampp\htdocs\framework\controller\loginController.php] [LINE 65]
[2017-05-29 10:05:46] [E_NOTICE: Undefined index: usuario] [IN FILE C:\xampp\htdocs\framework\controller\loginController.php] [LINE 65]
[2017-05-29 10:05:53] [E_NOTICE: Undefined index: usuario] [IN FILE C:\xampp\htdocs\framework\controller\loginController.php] [LINE 65]
[2017-05-29 10:05:20] [E_NOTICE: Undefined index: usuario] [IN FILE C:\xampp\htdocs\framework\controller\loginController.php] [LINE 65]
[2017-05-29 10:05:50] [E_NOTICE: Undefined index: usuario] [IN FILE C:\xampp\htdocs\framework\controller\loginController.php] [LINE 65]
[2017-05-29 10:05:57] [E_NOTICE: Undefined index: usuario] [IN FILE C:\xampp\htdocs\framework\controller\loginController.php] [LINE 65]
[2017-05-29 10:05:48] [E_NOTICE: Undefined index: usuario] [IN FILE C:\xampp\htdocs\framework\controller\loginController.php] [LINE 65]
[2017-05-29 10:05:00] [E_NOTICE: Undefined index: usuario] [IN FILE C:\xampp\htdocs\framework\controller\loginController.php] [LINE 65]
[2017-05-29 10:05:05] [E_NOTICE: Undefined index: usuario] [IN FILE C:\xampp\htdocs\framework\controller\loginController.php] [LINE 65]
[2017-05-29 10:05:11] [E_NOTICE: Undefined index: usuario] [IN FILE C:\xampp\htdocs\framework\controller\loginController.php] [LINE 65]
[2017-05-29 10:05:18] [E_NOTICE: Undefined index: usuario] [IN FILE C:\xampp\htdocs\framework\controller\loginController.php] [LINE 65]
[2017-05-29 10:05:27] [E_NOTICE: Undefined index: usuario] [IN FILE C:\xampp\htdocs\framework\controller\loginController.php] [LINE 65]
[2017-05-29 10:05:32] [E_NOTICE: Undefined index: usuario] [IN FILE C:\xampp\htdocs\framework\controller\loginController.php] [LINE 65]
[2017-05-29 10:05:47] [E_NOTICE: Undefined index: usuario] [IN FILE C:\xampp\htdocs\framework\controller\loginController.php] [LINE 65]
[2017-05-29 10:05:39] [E_NOTICE: Undefined index: usuario] [IN FILE C:\xampp\htdocs\framework\controller\loginController.php] [LINE 65]
[2017-05-29 10:05:49] [E_NOTICE: Undefined index: usuario] [IN FILE C:\xampp\htdocs\framework\controller\loginController.php] [LINE 65]
[2017-05-29 10:05:21] [E_NOTICE: Undefined index: usuario] [IN FILE C:\xampp\htdocs\framework\controller\loginController.php] [LINE 65]
[2017-05-29 10:05:35] [E_NOTICE: Undefined index: usuario] [IN FILE C:\xampp\htdocs\framework\controller\loginController.php] [LINE 65]
[2017-05-30 09:05:38] [E_NOTICE: Undefined index: usuario] [IN FILE C:\xampp\htdocs\framework\controller\loginController.php] [LINE 65]
[2017-05-30 09:05:57] [E_NOTICE: Undefined index: usuario] [IN FILE C:\xampp\htdocs\framework\controller\loginController.php] [LINE 65]
[2017-05-30 09:05:51] [E_NOTICE: Undefined variable: msg] [IN FILE C:\xampp\htdocs\framework\model\usuarioModel.php] [LINE 31]
[2017-05-30 09:05:18] [E_WARNING: Invalid argument supplied for foreach()] [IN FILE C:\xampp\htdocs\framework\core\helperView.php] [LINE 64]
[2017-05-30 09:05:44] [E_NOTICE: Undefined variable: msg] [IN FILE C:\xampp\htdocs\framework\controller\intranetController.php] [LINE 16]
[2017-05-30 09:05:50] [E_NOTICE: Undefined variable: msg] [IN FILE C:\xampp\htdocs\framework\controller\intranetController.php] [LINE 16]
[2017-05-31 09:05:41] [E_NOTICE: Undefined index: usuario] [IN FILE C:\xampp\htdocs\framework\controller\loginController.php] [LINE 66]
[2017-05-31 09:05:23] [E_NOTICE: Undefined index: usuario] [IN FILE C:\xampp\htdocs\framework\controller\loginController.php] [LINE 66]
[2017-05-31 09:05:28] [E_NOTICE: Undefined index: usuario] [IN FILE C:\xampp\htdocs\framework\controller\loginController.php] [LINE 66]
[2017-05-31 09:05:48] [E_NOTICE: Undefined index: usuario] [IN FILE C:\xampp\htdocs\framework\controller\loginController.php] [LINE 66]
[2017-05-31 10:05:08] [E_NOTICE: Undefined index: usuario] [IN FILE C:\xampp\htdocs\framework\controller\loginController.php] [LINE 65]
[2017-05-31 10:05:10] [E_NOTICE: Undefined index: usuario] [IN FILE C:\xampp\htdocs\framework\controller\loginController.php] [LINE 65]
[2017-05-31 10:05:45] [E_NOTICE: Undefined index: usuario] [IN FILE C:\xampp\htdocs\framework\controller\loginController.php] [LINE 65]
[2017-05-31 10:05:28] [E_NOTICE: Undefined index: usuario] [IN FILE C:\xampp\htdocs\framework\controller\loginController.php] [LINE 65]
[2017-05-31 10:05:31] [E_NOTICE: Undefined index: usuario] [IN FILE C:\xampp\htdocs\framework\controller\loginController.php] [LINE 65]
[2017-05-31 10:05:32] [E_NOTICE: Undefined index: usuario] [IN FILE C:\xampp\htdocs\framework\controller\loginController.php] [LINE 65]
[2017-05-31 10:05:35] [E_NOTICE: Undefined index: usuario] [IN FILE C:\xampp\htdocs\framework\controller\loginController.php] [LINE 65]
[2017-05-31 10:05:26] [E_WARNING: include_once(views/layout/ardepapiLayout.php): failed to open stream: No such file or directory] [IN FILE C:\xampp\htdocs\framework\core\helperView.php] [LINE 43]
